{"total": {"lines":{"total":4426,"covered":1686,"skipped":0,"pct":38.09},"statements":{"total":4582,"covered":1717,"skipped":0,"pct":37.47},"functions":{"total":788,"covered":188,"skipped":0,"pct":23.85},"branches":{"total":2365,"covered":615,"skipped":0,"pct":26},"branchesTrue":{"total":0,"covered":0,"skipped":0,"pct":100}}
,"/Users/muhammadfaiz/Custom APP/LNreader/src/api/constants.ts": {"lines":{"total":1,"covered":1,"skipped":0,"pct":100},"functions":{"total":0,"covered":0,"skipped":0,"pct":100},"statements":{"total":1,"covered":1,"skipped":0,"pct":100},"branches":{"total":0,"covered":0,"skipped":0,"pct":100}}
,"/Users/muhammadfaiz/Custom APP/LNreader/src/api/drive/index.ts": {"lines":{"total":48,"covered":6,"skipped":0,"pct":12.5},"functions":{"total":7,"covered":0,"skipped":0,"pct":0},"statements":{"total":49,"covered":6,"skipped":0,"pct":12.24},"branches":{"total":22,"covered":0,"skipped":0,"pct":0}}
,"/Users/muhammadfaiz/Custom APP/LNreader/src/api/drive/request.ts": {"lines":{"total":40,"covered":8,"skipped":0,"pct":20},"functions":{"total":9,"covered":0,"skipped":0,"pct":0},"statements":{"total":40,"covered":8,"skipped":0,"pct":20},"branches":{"total":8,"covered":0,"skipped":0,"pct":0}}
,"/Users/muhammadfaiz/Custom APP/LNreader/src/api/remote/index.ts": {"lines":{"total":10,"covered":4,"skipped":0,"pct":40},"functions":{"total":4,"covered":0,"skipped":0,"pct":0},"statements":{"total":11,"covered":4,"skipped":0,"pct":36.36},"branches":{"total":0,"covered":0,"skipped":0,"pct":100}}
,"/Users/muhammadfaiz/Custom APP/LNreader/src/components/Context/LibraryContext.tsx": {"lines":{"total":4,"covered":3,"skipped":0,"pct":75},"functions":{"total":1,"covered":0,"skipped":0,"pct":0},"statements":{"total":5,"covered":3,"skipped":0,"pct":60},"branches":{"total":0,"covered":0,"skipped":0,"pct":100}}
,"/Users/muhammadfaiz/Custom APP/LNreader/src/database/db.ts": {"lines":{"total":51,"covered":6,"skipped":0,"pct":11.76},"functions":{"total":5,"covered":0,"skipped":0,"pct":0},"statements":{"total":51,"covered":6,"skipped":0,"pct":11.76},"branches":{"total":4,"covered":0,"skipped":0,"pct":0}}
,"/Users/muhammadfaiz/Custom APP/LNreader/src/database/migrations/002_add_novel_counters.ts": {"lines":{"total":26,"covered":3,"skipped":0,"pct":11.53},"functions":{"total":4,"covered":0,"skipped":0,"pct":0},"statements":{"total":27,"covered":3,"skipped":0,"pct":11.11},"branches":{"total":9,"covered":0,"skipped":0,"pct":0}}
,"/Users/muhammadfaiz/Custom APP/LNreader/src/database/migrations/003_add_tts_state.ts": {"lines":{"total":13,"covered":12,"skipped":0,"pct":92.3},"functions":{"total":4,"covered":4,"skipped":0,"pct":100},"statements":{"total":14,"covered":13,"skipped":0,"pct":92.85},"branches":{"total":2,"covered":2,"skipped":0,"pct":100}}
,"/Users/muhammadfaiz/Custom APP/LNreader/src/database/migrations/index.ts": {"lines":{"total":1,"covered":1,"skipped":0,"pct":100},"functions":{"total":0,"covered":0,"skipped":0,"pct":100},"statements":{"total":1,"covered":1,"skipped":0,"pct":100},"branches":{"total":0,"covered":0,"skipped":0,"pct":100}}
,"/Users/muhammadfaiz/Custom APP/LNreader/src/database/queries/CategoryQueries.ts": {"lines":{"total":39,"covered":16,"skipped":0,"pct":41.02},"functions":{"total":12,"covered":0,"skipped":0,"pct":0},"statements":{"total":40,"covered":16,"skipped":0,"pct":40},"branches":{"total":12,"covered":0,"skipped":0,"pct":0}}
,"/Users/muhammadfaiz/Custom APP/LNreader/src/database/queries/ChapterQueries.ts": {"lines":{"total":143,"covered":65,"skipped":0,"pct":45.45},"functions":{"total":50,"covered":6,"skipped":0,"pct":12},"statements":{"total":150,"covered":67,"skipped":0,"pct":44.66},"branches":{"total":69,"covered":14,"skipped":0,"pct":20.28}}
,"/Users/muhammadfaiz/Custom APP/LNreader/src/database/queries/HistoryQueries.ts": {"lines":{"total":9,"covered":4,"skipped":0,"pct":44.44},"functions":{"total":4,"covered":0,"skipped":0,"pct":0},"statements":{"total":9,"covered":4,"skipped":0,"pct":44.44},"branches":{"total":0,"covered":0,"skipped":0,"pct":100}}
,"/Users/muhammadfaiz/Custom APP/LNreader/src/database/queries/LibraryQueries.ts": {"lines":{"total":30,"covered":4,"skipped":0,"pct":13.33},"functions":{"total":3,"covered":0,"skipped":0,"pct":0},"statements":{"total":32,"covered":4,"skipped":0,"pct":12.5},"branches":{"total":22,"covered":0,"skipped":0,"pct":0}}
,"/Users/muhammadfaiz/Custom APP/LNreader/src/database/queries/NovelQueries.ts": {"lines":{"total":99,"covered":16,"skipped":0,"pct":16.16},"functions":{"total":34,"covered":0,"skipped":0,"pct":0},"statements":{"total":100,"covered":16,"skipped":0,"pct":16},"branches":{"total":68,"covered":0,"skipped":0,"pct":0}}
,"/Users/muhammadfaiz/Custom APP/LNreader/src/database/queries/RepositoryQueries.ts": {"lines":{"total":10,"covered":5,"skipped":0,"pct":50},"functions":{"total":5,"covered":0,"skipped":0,"pct":0},"statements":{"total":10,"covered":5,"skipped":0,"pct":50},"branches":{"total":2,"covered":0,"skipped":0,"pct":0}}
,"/Users/muhammadfaiz/Custom APP/LNreader/src/database/tables/CategoryTable.ts": {"lines":{"total":3,"covered":3,"skipped":0,"pct":100},"functions":{"total":0,"covered":0,"skipped":0,"pct":100},"statements":{"total":3,"covered":3,"skipped":0,"pct":100},"branches":{"total":0,"covered":0,"skipped":0,"pct":100}}
,"/Users/muhammadfaiz/Custom APP/LNreader/src/database/tables/ChapterTable.ts": {"lines":{"total":3,"covered":3,"skipped":0,"pct":100},"functions":{"total":0,"covered":0,"skipped":0,"pct":100},"statements":{"total":3,"covered":3,"skipped":0,"pct":100},"branches":{"total":0,"covered":0,"skipped":0,"pct":100}}
,"/Users/muhammadfaiz/Custom APP/LNreader/src/database/tables/NovelCategoryTable.ts": {"lines":{"total":1,"covered":1,"skipped":0,"pct":100},"functions":{"total":0,"covered":0,"skipped":0,"pct":100},"statements":{"total":1,"covered":1,"skipped":0,"pct":100},"branches":{"total":0,"covered":0,"skipped":0,"pct":100}}
,"/Users/muhammadfaiz/Custom APP/LNreader/src/database/tables/NovelTable.ts": {"lines":{"total":6,"covered":6,"skipped":0,"pct":100},"functions":{"total":0,"covered":0,"skipped":0,"pct":100},"statements":{"total":6,"covered":6,"skipped":0,"pct":100},"branches":{"total":0,"covered":0,"skipped":0,"pct":100}}
,"/Users/muhammadfaiz/Custom APP/LNreader/src/database/tables/RepositoryTable.ts": {"lines":{"total":1,"covered":1,"skipped":0,"pct":100},"functions":{"total":0,"covered":0,"skipped":0,"pct":100},"statements":{"total":1,"covered":1,"skipped":0,"pct":100},"branches":{"total":0,"covered":0,"skipped":0,"pct":100}}
,"/Users/muhammadfaiz/Custom APP/LNreader/src/database/utils/helpers.tsx": {"lines":{"total":43,"covered":1,"skipped":0,"pct":2.32},"functions":{"total":14,"covered":0,"skipped":0,"pct":0},"statements":{"total":44,"covered":1,"skipped":0,"pct":2.27},"branches":{"total":24,"covered":0,"skipped":0,"pct":0}}
,"/Users/muhammadfaiz/Custom APP/LNreader/src/database/utils/migrationRunner.ts": {"lines":{"total":41,"covered":1,"skipped":0,"pct":2.43},"functions":{"total":9,"covered":0,"skipped":0,"pct":0},"statements":{"total":44,"covered":1,"skipped":0,"pct":2.27},"branches":{"total":16,"covered":0,"skipped":0,"pct":0}}
,"/Users/muhammadfaiz/Custom APP/LNreader/src/hooks/index.ts": {"lines":{"total":0,"covered":0,"skipped":0,"pct":100},"functions":{"total":0,"covered":0,"skipped":0,"pct":100},"statements":{"total":0,"covered":0,"skipped":0,"pct":100},"branches":{"total":0,"covered":0,"skipped":0,"pct":100}}
,"/Users/muhammadfaiz/Custom APP/LNreader/src/hooks/useScaledDimensions.ts": {"lines":{"total":2,"covered":1,"skipped":0,"pct":50},"functions":{"total":1,"covered":0,"skipped":0,"pct":0},"statements":{"total":2,"covered":1,"skipped":0,"pct":50},"branches":{"total":2,"covered":0,"skipped":0,"pct":0}}
,"/Users/muhammadfaiz/Custom APP/LNreader/src/hooks/common/githubReleaseUtils.ts": {"lines":{"total":15,"covered":15,"skipped":0,"pct":100},"functions":{"total":4,"covered":4,"skipped":0,"pct":100},"statements":{"total":17,"covered":16,"skipped":0,"pct":94.11},"branches":{"total":17,"covered":14,"skipped":0,"pct":82.35}}
,"/Users/muhammadfaiz/Custom APP/LNreader/src/hooks/common/useAutoDownload.ts": {"lines":{"total":32,"covered":2,"skipped":0,"pct":6.25},"functions":{"total":4,"covered":0,"skipped":0,"pct":0},"statements":{"total":32,"covered":2,"skipped":0,"pct":6.25},"branches":{"total":19,"covered":0,"skipped":0,"pct":0}}
,"/Users/muhammadfaiz/Custom APP/LNreader/src/hooks/common/useBackHandler.ts": {"lines":{"total":2,"covered":0,"skipped":0,"pct":0},"functions":{"total":1,"covered":0,"skipped":0,"pct":0},"statements":{"total":2,"covered":0,"skipped":0,"pct":0},"branches":{"total":0,"covered":0,"skipped":0,"pct":100}}
,"/Users/muhammadfaiz/Custom APP/LNreader/src/hooks/common/useBoolean.ts": {"lines":{"total":5,"covered":5,"skipped":0,"pct":100},"functions":{"total":2,"covered":1,"skipped":0,"pct":50},"statements":{"total":5,"covered":5,"skipped":0,"pct":100},"branches":{"total":0,"covered":0,"skipped":0,"pct":100}}
,"/Users/muhammadfaiz/Custom APP/LNreader/src/hooks/common/useDatabaseInitialization.ts": {"lines":{"total":6,"covered":2,"skipped":0,"pct":33.33},"functions":{"total":1,"covered":0,"skipped":0,"pct":0},"statements":{"total":6,"covered":2,"skipped":0,"pct":33.33},"branches":{"total":2,"covered":0,"skipped":0,"pct":0}}
,"/Users/muhammadfaiz/Custom APP/LNreader/src/hooks/common/useDeviceOrientation.ts": {"lines":{"total":1,"covered":1,"skipped":0,"pct":100},"functions":{"total":1,"covered":0,"skipped":0,"pct":0},"statements":{"total":1,"covered":1,"skipped":0,"pct":100},"branches":{"total":0,"covered":0,"skipped":0,"pct":100}}
,"/Users/muhammadfaiz/Custom APP/LNreader/src/hooks/common/useFullscreenMode.ts": {"lines":{"total":8,"covered":1,"skipped":0,"pct":12.5},"functions":{"total":2,"covered":0,"skipped":0,"pct":0},"statements":{"total":8,"covered":1,"skipped":0,"pct":12.5},"branches":{"total":0,"covered":0,"skipped":0,"pct":100}}
,"/Users/muhammadfaiz/Custom APP/LNreader/src/hooks/common/usePreviousRouteName.ts": {"lines":{"total":1,"covered":1,"skipped":0,"pct":100},"functions":{"total":2,"covered":0,"skipped":0,"pct":0},"statements":{"total":1,"covered":1,"skipped":0,"pct":100},"branches":{"total":2,"covered":0,"skipped":0,"pct":0}}
,"/Users/muhammadfaiz/Custom APP/LNreader/src/hooks/common/useSearch.ts": {"lines":{"total":5,"covered":1,"skipped":0,"pct":20},"functions":{"total":1,"covered":0,"skipped":0,"pct":0},"statements":{"total":5,"covered":1,"skipped":0,"pct":20},"branches":{"total":4,"covered":0,"skipped":0,"pct":0}}
,"/Users/muhammadfaiz/Custom APP/LNreader/src/hooks/persisted/index.ts": {"lines":{"total":0,"covered":0,"skipped":0,"pct":100},"functions":{"total":0,"covered":0,"skipped":0,"pct":100},"statements":{"total":0,"covered":0,"skipped":0,"pct":100},"branches":{"total":0,"covered":0,"skipped":0,"pct":100}}
,"/Users/muhammadfaiz/Custom APP/LNreader/src/hooks/persisted/useAutoBackup.ts": {"lines":{"total":7,"covered":3,"skipped":0,"pct":42.85},"functions":{"total":1,"covered":0,"skipped":0,"pct":0},"statements":{"total":7,"covered":3,"skipped":0,"pct":42.85},"branches":{"total":6,"covered":0,"skipped":0,"pct":0}}
,"/Users/muhammadfaiz/Custom APP/LNreader/src/hooks/persisted/useCategories.ts": {"lines":{"total":14,"covered":1,"skipped":0,"pct":7.14},"functions":{"total":3,"covered":0,"skipped":0,"pct":0},"statements":{"total":14,"covered":1,"skipped":0,"pct":7.14},"branches":{"total":2,"covered":0,"skipped":0,"pct":0}}
,"/Users/muhammadfaiz/Custom APP/LNreader/src/hooks/persisted/useDownload.ts": {"lines":{"total":4,"covered":2,"skipped":0,"pct":50},"functions":{"total":1,"covered":0,"skipped":0,"pct":0},"statements":{"total":4,"covered":2,"skipped":0,"pct":50},"branches":{"total":2,"covered":0,"skipped":0,"pct":0}}
,"/Users/muhammadfaiz/Custom APP/LNreader/src/hooks/persisted/useHistory.ts": {"lines":{"total":7,"covered":1,"skipped":0,"pct":14.28},"functions":{"total":1,"covered":0,"skipped":0,"pct":0},"statements":{"total":7,"covered":1,"skipped":0,"pct":14.28},"branches":{"total":4,"covered":0,"skipped":0,"pct":0}}
,"/Users/muhammadfaiz/Custom APP/LNreader/src/hooks/persisted/useLocalBackupFolder.ts": {"lines":{"total":11,"covered":2,"skipped":0,"pct":18.18},"functions":{"total":3,"covered":0,"skipped":0,"pct":0},"statements":{"total":12,"covered":2,"skipped":0,"pct":16.66},"branches":{"total":6,"covered":0,"skipped":0,"pct":0}}
,"/Users/muhammadfaiz/Custom APP/LNreader/src/hooks/persisted/useNovel.ts": {"lines":{"total":199,"covered":8,"skipped":0,"pct":4.02},"functions":{"total":66,"covered":0,"skipped":0,"pct":0},"statements":{"total":207,"covered":8,"skipped":0,"pct":3.86},"branches":{"total":89,"covered":0,"skipped":0,"pct":0}}
,"/Users/muhammadfaiz/Custom APP/LNreader/src/hooks/persisted/usePlugins.ts": {"lines":{"total":20,"covered":7,"skipped":0,"pct":35},"functions":{"total":1,"covered":0,"skipped":0,"pct":0},"statements":{"total":20,"covered":7,"skipped":0,"pct":35},"branches":{"total":18,"covered":0,"skipped":0,"pct":0}}
,"/Users/muhammadfaiz/Custom APP/LNreader/src/hooks/persisted/useSelfHost.ts": {"lines":{"total":3,"covered":2,"skipped":0,"pct":66.66},"functions":{"total":1,"covered":0,"skipped":0,"pct":0},"statements":{"total":3,"covered":2,"skipped":0,"pct":66.66},"branches":{"total":2,"covered":0,"skipped":0,"pct":0}}
,"/Users/muhammadfaiz/Custom APP/LNreader/src/hooks/persisted/useSettings.ts": {"lines":{"total":30,"covered":15,"skipped":0,"pct":50},"functions":{"total":1,"covered":0,"skipped":0,"pct":0},"statements":{"total":30,"covered":15,"skipped":0,"pct":50},"branches":{"total":4,"covered":0,"skipped":0,"pct":0}}
,"/Users/muhammadfaiz/Custom APP/LNreader/src/hooks/persisted/useTheme.ts": {"lines":{"total":29,"covered":7,"skipped":0,"pct":24.13},"functions":{"total":8,"covered":0,"skipped":0,"pct":0},"statements":{"total":31,"covered":7,"skipped":0,"pct":22.58},"branches":{"total":22,"covered":0,"skipped":0,"pct":0}}
,"/Users/muhammadfaiz/Custom APP/LNreader/src/hooks/persisted/useTrackedNovel.ts": {"lines":{"total":22,"covered":5,"skipped":0,"pct":22.72},"functions":{"total":3,"covered":0,"skipped":0,"pct":0},"statements":{"total":22,"covered":5,"skipped":0,"pct":22.72},"branches":{"total":2,"covered":0,"skipped":0,"pct":0}}
,"/Users/muhammadfaiz/Custom APP/LNreader/src/hooks/persisted/useTracker.ts": {"lines":{"total":18,"covered":6,"skipped":0,"pct":33.33},"functions":{"total":3,"covered":0,"skipped":0,"pct":0},"statements":{"total":18,"covered":6,"skipped":0,"pct":33.33},"branches":{"total":16,"covered":0,"skipped":0,"pct":0}}
,"/Users/muhammadfaiz/Custom APP/LNreader/src/hooks/persisted/useUpdates.ts": {"lines":{"total":11,"covered":4,"skipped":0,"pct":36.36},"functions":{"total":1,"covered":0,"skipped":0,"pct":0},"statements":{"total":11,"covered":4,"skipped":0,"pct":36.36},"branches":{"total":4,"covered":0,"skipped":0,"pct":0}}
,"/Users/muhammadfaiz/Custom APP/LNreader/src/hooks/persisted/useUserAgent.ts": {"lines":{"total":5,"covered":2,"skipped":0,"pct":40},"functions":{"total":2,"covered":0,"skipped":0,"pct":0},"statements":{"total":5,"covered":2,"skipped":0,"pct":40},"branches":{"total":4,"covered":0,"skipped":0,"pct":0}}
,"/Users/muhammadfaiz/Custom APP/LNreader/src/hooks/persisted/migrations/trackerMigration.ts": {"lines":{"total":8,"covered":3,"skipped":0,"pct":37.5},"functions":{"total":1,"covered":0,"skipped":0,"pct":0},"statements":{"total":8,"covered":3,"skipped":0,"pct":37.5},"branches":{"total":4,"covered":0,"skipped":0,"pct":0}}
,"/Users/muhammadfaiz/Custom APP/LNreader/src/plugins/pluginManager.ts": {"lines":{"total":76,"covered":9,"skipped":0,"pct":11.84},"functions":{"total":13,"covered":0,"skipped":0,"pct":0},"statements":{"total":77,"covered":9,"skipped":0,"pct":11.68},"branches":{"total":32,"covered":0,"skipped":0,"pct":0}}
,"/Users/muhammadfaiz/Custom APP/LNreader/src/plugins/helpers/constants.ts": {"lines":{"total":1,"covered":1,"skipped":0,"pct":100},"functions":{"total":0,"covered":0,"skipped":0,"pct":100},"statements":{"total":1,"covered":1,"skipped":0,"pct":100},"branches":{"total":0,"covered":0,"skipped":0,"pct":100}}
,"/Users/muhammadfaiz/Custom APP/LNreader/src/plugins/helpers/fetch.ts": {"lines":{"total":72,"covered":7,"skipped":0,"pct":9.72},"functions":{"total":19,"covered":0,"skipped":0,"pct":0},"statements":{"total":78,"covered":7,"skipped":0,"pct":8.97},"branches":{"total":20,"covered":0,"skipped":0,"pct":0}}
,"/Users/muhammadfaiz/Custom APP/LNreader/src/plugins/helpers/isAbsoluteUrl.ts": {"lines":{"total":15,"covered":1,"skipped":0,"pct":6.66},"functions":{"total":1,"covered":0,"skipped":0,"pct":0},"statements":{"total":15,"covered":1,"skipped":0,"pct":6.66},"branches":{"total":14,"covered":0,"skipped":0,"pct":0}}
,"/Users/muhammadfaiz/Custom APP/LNreader/src/plugins/helpers/storage.ts": {"lines":{"total":31,"covered":4,"skipped":0,"pct":12.9},"functions":{"total":13,"covered":0,"skipped":0,"pct":0},"statements":{"total":32,"covered":4,"skipped":0,"pct":12.5},"branches":{"total":16,"covered":0,"skipped":0,"pct":0}}
,"/Users/muhammadfaiz/Custom APP/LNreader/src/plugins/types/filterTypes.ts": {"lines":{"total":10,"covered":5,"skipped":0,"pct":50},"functions":{"total":5,"covered":0,"skipped":0,"pct":0},"statements":{"total":10,"covered":5,"skipped":0,"pct":50},"branches":{"total":11,"covered":0,"skipped":0,"pct":0}}
,"/Users/muhammadfaiz/Custom APP/LNreader/src/plugins/types/index.ts": {"lines":{"total":0,"covered":0,"skipped":0,"pct":100},"functions":{"total":0,"covered":0,"skipped":0,"pct":100},"statements":{"total":0,"covered":0,"skipped":0,"pct":100},"branches":{"total":0,"covered":0,"skipped":0,"pct":100}}
,"/Users/muhammadfaiz/Custom APP/LNreader/src/screens/library/constants/constants.ts": {"lines":{"total":3,"covered":3,"skipped":0,"pct":100},"functions":{"total":0,"covered":0,"skipped":0,"pct":100},"statements":{"total":3,"covered":3,"skipped":0,"pct":100},"branches":{"total":0,"covered":0,"skipped":0,"pct":100}}
,"/Users/muhammadfaiz/Custom APP/LNreader/src/screens/library/hooks/useLibrary.ts": {"lines":{"total":17,"covered":2,"skipped":0,"pct":11.76},"functions":{"total":1,"covered":0,"skipped":0,"pct":0},"statements":{"total":17,"covered":2,"skipped":0,"pct":11.76},"branches":{"total":11,"covered":0,"skipped":0,"pct":0}}
,"/Users/muhammadfaiz/Custom APP/LNreader/src/screens/reader/components/TTSChapterSelectionDialog.tsx": {"lines":{"total":16,"covered":1,"skipped":0,"pct":6.25},"functions":{"total":7,"covered":0,"skipped":0,"pct":0},"statements":{"total":16,"covered":1,"skipped":0,"pct":6.25},"branches":{"total":5,"covered":0,"skipped":0,"pct":0}}
,"/Users/muhammadfaiz/Custom APP/LNreader/src/screens/reader/components/TTSExitDialog.tsx": {"lines":{"total":16,"covered":2,"skipped":0,"pct":12.5},"functions":{"total":2,"covered":0,"skipped":0,"pct":0},"statements":{"total":20,"covered":2,"skipped":0,"pct":10},"branches":{"total":2,"covered":0,"skipped":0,"pct":0}}
,"/Users/muhammadfaiz/Custom APP/LNreader/src/screens/reader/components/TTSManualModeDialog.tsx": {"lines":{"total":11,"covered":1,"skipped":0,"pct":9.09},"functions":{"total":1,"covered":0,"skipped":0,"pct":0},"statements":{"total":12,"covered":1,"skipped":0,"pct":8.33},"branches":{"total":2,"covered":0,"skipped":0,"pct":0}}
,"/Users/muhammadfaiz/Custom APP/LNreader/src/screens/reader/components/TTSResumeDialog.tsx": {"lines":{"total":13,"covered":1,"skipped":0,"pct":7.69},"functions":{"total":1,"covered":0,"skipped":0,"pct":0},"statements":{"total":14,"covered":1,"skipped":0,"pct":7.14},"branches":{"total":2,"covered":0,"skipped":0,"pct":0}}
,"/Users/muhammadfaiz/Custom APP/LNreader/src/screens/reader/components/TTSScrollSyncDialog.tsx": {"lines":{"total":12,"covered":1,"skipped":0,"pct":8.33},"functions":{"total":1,"covered":0,"skipped":0,"pct":0},"statements":{"total":13,"covered":1,"skipped":0,"pct":7.69},"branches":{"total":21,"covered":0,"skipped":0,"pct":0}}
,"/Users/muhammadfaiz/Custom APP/LNreader/src/screens/reader/components/WebViewReader.tsx": {"lines":{"total":289,"covered":112,"skipped":0,"pct":38.75},"functions":{"total":37,"covered":17,"skipped":0,"pct":45.94},"statements":{"total":292,"covered":113,"skipped":0,"pct":38.69},"branches":{"total":224,"covered":54,"skipped":0,"pct":24.1}}
,"/Users/muhammadfaiz/Custom APP/LNreader/src/screens/reader/components/ttsHelpers.ts": {"lines":{"total":24,"covered":24,"skipped":0,"pct":100},"functions":{"total":3,"covered":3,"skipped":0,"pct":100},"statements":{"total":24,"covered":24,"skipped":0,"pct":100},"branches":{"total":18,"covered":17,"skipped":0,"pct":94.44}}
,"/Users/muhammadfaiz/Custom APP/LNreader/src/screens/reader/components/ttsWakeUtils.ts": {"lines":{"total":20,"covered":20,"skipped":0,"pct":100},"functions":{"total":4,"covered":4,"skipped":0,"pct":100},"statements":{"total":23,"covered":23,"skipped":0,"pct":100},"branches":{"total":35,"covered":34,"skipped":0,"pct":97.14}}
,"/Users/muhammadfaiz/Custom APP/LNreader/src/screens/reader/hooks/useBackHandler.ts": {"lines":{"total":4,"covered":4,"skipped":0,"pct":100},"functions":{"total":1,"covered":1,"skipped":0,"pct":100},"statements":{"total":4,"covered":4,"skipped":0,"pct":100},"branches":{"total":4,"covered":4,"skipped":0,"pct":100}}
,"/Users/muhammadfaiz/Custom APP/LNreader/src/screens/reader/hooks/useChapterSelectionHandler.ts": {"lines":{"total":24,"covered":24,"skipped":0,"pct":100},"functions":{"total":2,"covered":2,"skipped":0,"pct":100},"statements":{"total":24,"covered":24,"skipped":0,"pct":100},"branches":{"total":18,"covered":16,"skipped":0,"pct":88.88}}
,"/Users/muhammadfaiz/Custom APP/LNreader/src/screens/reader/hooks/useChapterTransition.ts": {"lines":{"total":16,"covered":16,"skipped":0,"pct":100},"functions":{"total":5,"covered":5,"skipped":0,"pct":100},"statements":{"total":17,"covered":17,"skipped":0,"pct":100},"branches":{"total":2,"covered":2,"skipped":0,"pct":100}}
,"/Users/muhammadfaiz/Custom APP/LNreader/src/screens/reader/hooks/useDialogState.ts": {"lines":{"total":3,"covered":3,"skipped":0,"pct":100},"functions":{"total":1,"covered":1,"skipped":0,"pct":100},"statements":{"total":3,"covered":3,"skipped":0,"pct":100},"branches":{"total":0,"covered":0,"skipped":0,"pct":100}}
,"/Users/muhammadfaiz/Custom APP/LNreader/src/screens/reader/hooks/useExitDialogHandlers.ts": {"lines":{"total":14,"covered":14,"skipped":0,"pct":100},"functions":{"total":3,"covered":3,"skipped":0,"pct":100},"statements":{"total":14,"covered":14,"skipped":0,"pct":100},"branches":{"total":0,"covered":0,"skipped":0,"pct":100}}
,"/Users/muhammadfaiz/Custom APP/LNreader/src/screens/reader/hooks/useManualModeHandlers.ts": {"lines":{"total":3,"covered":3,"skipped":0,"pct":100},"functions":{"total":1,"covered":1,"skipped":0,"pct":100},"statements":{"total":3,"covered":3,"skipped":0,"pct":100},"branches":{"total":0,"covered":0,"skipped":0,"pct":100}}
,"/Users/muhammadfaiz/Custom APP/LNreader/src/screens/reader/hooks/useRefSync.ts": {"lines":{"total":6,"covered":6,"skipped":0,"pct":100},"functions":{"total":1,"covered":1,"skipped":0,"pct":100},"statements":{"total":6,"covered":6,"skipped":0,"pct":100},"branches":{"total":0,"covered":0,"skipped":0,"pct":100}}
,"/Users/muhammadfaiz/Custom APP/LNreader/src/screens/reader/hooks/useResumeDialogHandlers.ts": {"lines":{"total":19,"covered":19,"skipped":0,"pct":100},"functions":{"total":4,"covered":4,"skipped":0,"pct":100},"statements":{"total":19,"covered":19,"skipped":0,"pct":100},"branches":{"total":8,"covered":7,"skipped":0,"pct":87.5}}
,"/Users/muhammadfaiz/Custom APP/LNreader/src/screens/reader/hooks/useScrollSyncHandlers.ts": {"lines":{"total":4,"covered":4,"skipped":0,"pct":100},"functions":{"total":1,"covered":1,"skipped":0,"pct":100},"statements":{"total":4,"covered":4,"skipped":0,"pct":100},"branches":{"total":2,"covered":2,"skipped":0,"pct":100}}
,"/Users/muhammadfaiz/Custom APP/LNreader/src/screens/reader/hooks/useSyncDialogHandlers.ts": {"lines":{"total":2,"covered":2,"skipped":0,"pct":100},"functions":{"total":1,"covered":1,"skipped":0,"pct":100},"statements":{"total":2,"covered":2,"skipped":0,"pct":100},"branches":{"total":0,"covered":0,"skipped":0,"pct":100}}
,"/Users/muhammadfaiz/Custom APP/LNreader/src/screens/reader/hooks/useTTSConfirmationHandler.ts": {"lines":{"total":4,"covered":4,"skipped":0,"pct":100},"functions":{"total":1,"covered":1,"skipped":0,"pct":100},"statements":{"total":4,"covered":4,"skipped":0,"pct":100},"branches":{"total":4,"covered":4,"skipped":0,"pct":100}}
,"/Users/muhammadfaiz/Custom APP/LNreader/src/screens/reader/hooks/useTTSController.ts": {"lines":{"total":786,"covered":489,"skipped":0,"pct":62.21},"functions":{"total":57,"covered":32,"skipped":0,"pct":56.14},"statements":{"total":792,"covered":492,"skipped":0,"pct":62.12},"branches":{"total":418,"covered":207,"skipped":0,"pct":49.52}}
,"/Users/muhammadfaiz/Custom APP/LNreader/src/screens/reader/hooks/useTTSUtilities.ts": {"lines":{"total":31,"covered":31,"skipped":0,"pct":100},"functions":{"total":7,"covered":7,"skipped":0,"pct":100},"statements":{"total":32,"covered":32,"skipped":0,"pct":100},"branches":{"total":12,"covered":12,"skipped":0,"pct":100}}
,"/Users/muhammadfaiz/Custom APP/LNreader/src/screens/reader/types/tts.ts": {"lines":{"total":15,"covered":9,"skipped":0,"pct":60},"functions":{"total":8,"covered":3,"skipped":0,"pct":37.5},"statements":{"total":15,"covered":9,"skipped":0,"pct":60},"branches":{"total":7,"covered":6,"skipped":0,"pct":85.71}}
,"/Users/muhammadfaiz/Custom APP/LNreader/src/services/ServiceManager.ts": {"lines":{"total":137,"covered":6,"skipped":0,"pct":4.37},"functions":{"total":33,"covered":2,"skipped":0,"pct":6.06},"statements":{"total":143,"covered":6,"skipped":0,"pct":4.19},"branches":{"total":124,"covered":2,"skipped":0,"pct":1.61}}
,"/Users/muhammadfaiz/Custom APP/LNreader/src/services/TTSAudioManager.ts": {"lines":{"total":302,"covered":150,"skipped":0,"pct":49.66},"functions":{"total":39,"covered":14,"skipped":0,"pct":35.89},"statements":{"total":307,"covered":154,"skipped":0,"pct":50.16},"branches":{"total":110,"covered":40,"skipped":0,"pct":36.36}}
,"/Users/muhammadfaiz/Custom APP/LNreader/src/services/TTSHighlight.ts": {"lines":{"total":70,"covered":52,"skipped":0,"pct":74.28},"functions":{"total":18,"covered":13,"skipped":0,"pct":72.22},"statements":{"total":74,"covered":53,"skipped":0,"pct":71.62},"branches":{"total":47,"covered":26,"skipped":0,"pct":55.31}}
,"/Users/muhammadfaiz/Custom APP/LNreader/src/services/TTSState.ts": {"lines":{"total":7,"covered":6,"skipped":0,"pct":85.71},"functions":{"total":3,"covered":3,"skipped":0,"pct":100},"statements":{"total":8,"covered":7,"skipped":0,"pct":87.5},"branches":{"total":6,"covered":5,"skipped":0,"pct":83.33}}
,"/Users/muhammadfaiz/Custom APP/LNreader/src/services/VoiceMapper.ts": {"lines":{"total":20,"covered":19,"skipped":0,"pct":95},"functions":{"total":3,"covered":3,"skipped":0,"pct":100},"statements":{"total":25,"covered":24,"skipped":0,"pct":96},"branches":{"total":16,"covered":14,"skipped":0,"pct":87.5}}
,"/Users/muhammadfaiz/Custom APP/LNreader/src/services/authoritative-voice-map.ts": {"lines":{"total":5,"covered":2,"skipped":0,"pct":40},"functions":{"total":1,"covered":0,"skipped":0,"pct":0},"statements":{"total":5,"covered":2,"skipped":0,"pct":40},"branches":{"total":2,"covered":0,"skipped":0,"pct":0}}
,"/Users/muhammadfaiz/Custom APP/LNreader/src/services/Trackers/aniList.ts": {"lines":{"total":28,"covered":8,"skipped":0,"pct":28.57},"functions":{"total":7,"covered":0,"skipped":0,"pct":0},"statements":{"total":28,"covered":8,"skipped":0,"pct":28.57},"branches":{"total":20,"covered":0,"skipped":0,"pct":0}}
,"/Users/muhammadfaiz/Custom APP/LNreader/src/services/Trackers/mangaUpdates.ts": {"lines":{"total":62,"covered":10,"skipped":0,"pct":16.12},"functions":{"total":8,"covered":0,"skipped":0,"pct":0},"statements":{"total":64,"covered":10,"skipped":0,"pct":15.62},"branches":{"total":42,"covered":0,"skipped":0,"pct":0}}
,"/Users/muhammadfaiz/Custom APP/LNreader/src/services/Trackers/myAnimeList.ts": {"lines":{"total":57,"covered":17,"skipped":0,"pct":29.82},"functions":{"total":9,"covered":2,"skipped":0,"pct":22.22},"statements":{"total":59,"covered":19,"skipped":0,"pct":32.2},"branches":{"total":20,"covered":0,"skipped":0,"pct":0}}
,"/Users/muhammadfaiz/Custom APP/LNreader/src/services/backup/types.ts": {"lines":{"total":0,"covered":0,"skipped":0,"pct":100},"functions":{"total":0,"covered":0,"skipped":0,"pct":100},"statements":{"total":0,"covered":0,"skipped":0,"pct":100},"branches":{"total":0,"covered":0,"skipped":0,"pct":100}}
,"/Users/muhammadfaiz/Custom APP/LNreader/src/services/backup/utils.ts": {"lines":{"total":254,"covered":64,"skipped":0,"pct":25.19},"functions":{"total":18,"covered":7,"skipped":0,"pct":38.88},"statements":{"total":256,"covered":66,"skipped":0,"pct":25.78},"branches":{"total":149,"covered":41,"skipped":0,"pct":27.51}}
,"/Users/muhammadfaiz/Custom APP/LNreader/src/services/backup/drive/index.ts": {"lines":{"total":25,"covered":2,"skipped":0,"pct":8},"functions":{"total":10,"covered":0,"skipped":0,"pct":0},"statements":{"total":33,"covered":2,"skipped":0,"pct":6.06},"branches":{"total":4,"covered":0,"skipped":0,"pct":0}}
,"/Users/muhammadfaiz/Custom APP/LNreader/src/services/backup/local/index.ts": {"lines":{"total":97,"covered":3,"skipped":0,"pct":3.09},"functions":{"total":19,"covered":0,"skipped":0,"pct":0},"statements":{"total":110,"covered":3,"skipped":0,"pct":2.72},"branches":{"total":40,"covered":0,"skipped":0,"pct":0}}
,"/Users/muhammadfaiz/Custom APP/LNreader/src/services/backup/selfhost/index.ts": {"lines":{"total":20,"covered":2,"skipped":0,"pct":10},"functions":{"total":10,"covered":0,"skipped":0,"pct":0},"statements":{"total":28,"covered":2,"skipped":0,"pct":7.14},"branches":{"total":0,"covered":0,"skipped":0,"pct":100}}
,"/Users/muhammadfaiz/Custom APP/LNreader/src/services/download/autoDownload.ts": {"lines":{"total":32,"covered":5,"skipped":0,"pct":15.62},"functions":{"total":6,"covered":0,"skipped":0,"pct":0},"statements":{"total":32,"covered":5,"skipped":0,"pct":15.62},"branches":{"total":23,"covered":0,"skipped":0,"pct":0}}
,"/Users/muhammadfaiz/Custom APP/LNreader/src/services/download/downloadChapter.ts": {"lines":{"total":42,"covered":3,"skipped":0,"pct":7.14},"functions":{"total":5,"covered":0,"skipped":0,"pct":0},"statements":{"total":45,"covered":3,"skipped":0,"pct":6.66},"branches":{"total":14,"covered":0,"skipped":0,"pct":0}}
,"/Users/muhammadfaiz/Custom APP/LNreader/src/services/epub/import.ts": {"lines":{"total":65,"covered":4,"skipped":0,"pct":6.15},"functions":{"total":10,"covered":0,"skipped":0,"pct":0},"statements":{"total":71,"covered":4,"skipped":0,"pct":5.63},"branches":{"total":38,"covered":0,"skipped":0,"pct":0}}
,"/Users/muhammadfaiz/Custom APP/LNreader/src/services/migrate/migrateNovel.ts": {"lines":{"total":57,"covered":4,"skipped":0,"pct":7.01},"functions":{"total":7,"covered":0,"skipped":0,"pct":0},"statements":{"total":60,"covered":4,"skipped":0,"pct":6.66},"branches":{"total":44,"covered":0,"skipped":0,"pct":0}}
,"/Users/muhammadfaiz/Custom APP/LNreader/src/services/plugin/fetch.ts": {"lines":{"total":37,"covered":5,"skipped":0,"pct":13.51},"functions":{"total":5,"covered":0,"skipped":0,"pct":0},"statements":{"total":37,"covered":5,"skipped":0,"pct":13.51},"branches":{"total":16,"covered":0,"skipped":0,"pct":0}}
,"/Users/muhammadfaiz/Custom APP/LNreader/src/services/tts/novelTtsSettings.ts": {"lines":{"total":8,"covered":6,"skipped":0,"pct":75},"functions":{"total":4,"covered":2,"skipped":0,"pct":50},"statements":{"total":8,"covered":6,"skipped":0,"pct":75},"branches":{"total":0,"covered":0,"skipped":0,"pct":100}}
,"/Users/muhammadfaiz/Custom APP/LNreader/src/services/updates/LibraryUpdateQueries.ts": {"lines":{"total":39,"covered":5,"skipped":0,"pct":12.82},"functions":{"total":6,"covered":0,"skipped":0,"pct":0},"statements":{"total":40,"covered":5,"skipped":0,"pct":12.5},"branches":{"total":45,"covered":0,"skipped":0,"pct":0}}
,"/Users/muhammadfaiz/Custom APP/LNreader/src/services/updates/index.ts": {"lines":{"total":19,"covered":1,"skipped":0,"pct":5.26},"functions":{"total":4,"covered":0,"skipped":0,"pct":0},"statements":{"total":23,"covered":1,"skipped":0,"pct":4.34},"branches":{"total":12,"covered":0,"skipped":0,"pct":0}}
,"/Users/muhammadfaiz/Custom APP/LNreader/src/theme/scaling.ts": {"lines":{"total":15,"covered":9,"skipped":0,"pct":60},"functions":{"total":4,"covered":2,"skipped":0,"pct":50},"statements":{"total":15,"covered":9,"skipped":0,"pct":60},"branches":{"total":1,"covered":0,"skipped":0,"pct":0}}
,"/Users/muhammadfaiz/Custom APP/LNreader/src/theme/md3/catppuccin.ts": {"lines":{"total":1,"covered":1,"skipped":0,"pct":100},"functions":{"total":0,"covered":0,"skipped":0,"pct":100},"statements":{"total":1,"covered":1,"skipped":0,"pct":100},"branches":{"total":0,"covered":0,"skipped":0,"pct":100}}
,"/Users/muhammadfaiz/Custom APP/LNreader/src/theme/md3/defaultTheme.ts": {"lines":{"total":1,"covered":1,"skipped":0,"pct":100},"functions":{"total":0,"covered":0,"skipped":0,"pct":100},"statements":{"total":1,"covered":1,"skipped":0,"pct":100},"branches":{"total":0,"covered":0,"skipped":0,"pct":100}}
,"/Users/muhammadfaiz/Custom APP/LNreader/src/theme/md3/index.ts": {"lines":{"total":2,"covered":2,"skipped":0,"pct":100},"functions":{"total":0,"covered":0,"skipped":0,"pct":100},"statements":{"total":2,"covered":2,"skipped":0,"pct":100},"branches":{"total":0,"covered":0,"skipped":0,"pct":100}}
,"/Users/muhammadfaiz/Custom APP/LNreader/src/theme/md3/lavender.ts": {"lines":{"total":1,"covered":1,"skipped":0,"pct":100},"functions":{"total":0,"covered":0,"skipped":0,"pct":100},"statements":{"total":1,"covered":1,"skipped":0,"pct":100},"branches":{"total":0,"covered":0,"skipped":0,"pct":100}}
,"/Users/muhammadfaiz/Custom APP/LNreader/src/theme/md3/mignightDusk.ts": {"lines":{"total":1,"covered":1,"skipped":0,"pct":100},"functions":{"total":0,"covered":0,"skipped":0,"pct":100},"statements":{"total":1,"covered":1,"skipped":0,"pct":100},"branches":{"total":0,"covered":0,"skipped":0,"pct":100}}
,"/Users/muhammadfaiz/Custom APP/LNreader/src/theme/md3/strawberry.ts": {"lines":{"total":1,"covered":1,"skipped":0,"pct":100},"functions":{"total":0,"covered":0,"skipped":0,"pct":100},"statements":{"total":1,"covered":1,"skipped":0,"pct":100},"branches":{"total":0,"covered":0,"skipped":0,"pct":100}}
,"/Users/muhammadfaiz/Custom APP/LNreader/src/theme/md3/tako.ts": {"lines":{"total":1,"covered":1,"skipped":0,"pct":100},"functions":{"total":0,"covered":0,"skipped":0,"pct":100},"statements":{"total":1,"covered":1,"skipped":0,"pct":100},"branches":{"total":0,"covered":0,"skipped":0,"pct":100}}
,"/Users/muhammadfaiz/Custom APP/LNreader/src/theme/md3/tealTurquoise.ts": {"lines":{"total":1,"covered":1,"skipped":0,"pct":100},"functions":{"total":0,"covered":0,"skipped":0,"pct":100},"statements":{"total":1,"covered":1,"skipped":0,"pct":100},"branches":{"total":0,"covered":0,"skipped":0,"pct":100}}
,"/Users/muhammadfaiz/Custom APP/LNreader/src/theme/md3/yinyang.ts": {"lines":{"total":1,"covered":1,"skipped":0,"pct":100},"functions":{"total":0,"covered":0,"skipped":0,"pct":100},"statements":{"total":1,"covered":1,"skipped":0,"pct":100},"branches":{"total":0,"covered":0,"skipped":0,"pct":100}}
,"/Users/muhammadfaiz/Custom APP/LNreader/src/theme/md3/yotsuba.ts": {"lines":{"total":1,"covered":1,"skipped":0,"pct":100},"functions":{"total":0,"covered":0,"skipped":0,"pct":100},"statements":{"total":1,"covered":1,"skipped":0,"pct":100},"branches":{"total":0,"covered":0,"skipped":0,"pct":100}}
,"/Users/muhammadfaiz/Custom APP/LNreader/src/theme/utils/setBarColor.ts": {"lines":{"total":10,"covered":2,"skipped":0,"pct":20},"functions":{"total":2,"covered":0,"skipped":0,"pct":0},"statements":{"total":10,"covered":2,"skipped":0,"pct":20},"branches":{"total":9,"covered":0,"skipped":0,"pct":0}}
,"/Users/muhammadfaiz/Custom APP/LNreader/src/utils/Storages.ts": {"lines":{"total":3,"covered":3,"skipped":0,"pct":100},"functions":{"total":0,"covered":0,"skipped":0,"pct":100},"statements":{"total":3,"covered":3,"skipped":0,"pct":100},"branches":{"total":0,"covered":0,"skipped":0,"pct":100}}
,"/Users/muhammadfaiz/Custom APP/LNreader/src/utils/askForPostNoftificationsPermission.ts": {"lines":{"total":3,"covered":0,"skipped":0,"pct":0},"functions":{"total":1,"covered":0,"skipped":0,"pct":0},"statements":{"total":4,"covered":0,"skipped":0,"pct":0},"branches":{"total":4,"covered":0,"skipped":0,"pct":0}}
,"/Users/muhammadfaiz/Custom APP/LNreader/src/utils/compareVersion.ts": {"lines":{"total":26,"covered":3,"skipped":0,"pct":11.53},"functions":{"total":7,"covered":0,"skipped":0,"pct":0},"statements":{"total":32,"covered":3,"skipped":0,"pct":9.37},"branches":{"total":10,"covered":0,"skipped":0,"pct":0}}
,"/Users/muhammadfaiz/Custom APP/LNreader/src/utils/error.ts": {"lines":{"total":41,"covered":2,"skipped":0,"pct":4.87},"functions":{"total":13,"covered":1,"skipped":0,"pct":7.69},"statements":{"total":42,"covered":2,"skipped":0,"pct":4.76},"branches":{"total":31,"covered":0,"skipped":0,"pct":0}}
,"/Users/muhammadfaiz/Custom APP/LNreader/src/utils/htmlParagraphExtractor.ts": {"lines":{"total":22,"covered":22,"skipped":0,"pct":100},"functions":{"total":7,"covered":7,"skipped":0,"pct":100},"statements":{"total":22,"covered":22,"skipped":0,"pct":100},"branches":{"total":6,"covered":6,"skipped":0,"pct":100}}
,"/Users/muhammadfaiz/Custom APP/LNreader/src/utils/parseChapterNumber.ts": {"lines":{"total":50,"covered":4,"skipped":0,"pct":8},"functions":{"total":4,"covered":0,"skipped":0,"pct":0},"statements":{"total":50,"covered":4,"skipped":0,"pct":8},"branches":{"total":30,"covered":0,"skipped":0,"pct":0}}
,"/Users/muhammadfaiz/Custom APP/LNreader/src/utils/rateLimitedLogger.ts": {"lines":{"total":79,"covered":56,"skipped":0,"pct":70.88},"functions":{"total":13,"covered":12,"skipped":0,"pct":92.3},"statements":{"total":87,"covered":58,"skipped":0,"pct":66.66},"branches":{"total":45,"covered":23,"skipped":0,"pct":51.11}}
,"/Users/muhammadfaiz/Custom APP/LNreader/src/utils/showToast.ts": {"lines":{"total":2,"covered":1,"skipped":0,"pct":50},"functions":{"total":1,"covered":0,"skipped":0,"pct":0},"statements":{"total":2,"covered":1,"skipped":0,"pct":50},"branches":{"total":0,"covered":0,"skipped":0,"pct":100}}
,"/Users/muhammadfaiz/Custom APP/LNreader/src/utils/sleep.ts": {"lines":{"total":2,"covered":1,"skipped":0,"pct":50},"functions":{"total":3,"covered":0,"skipped":0,"pct":0},"statements":{"total":4,"covered":1,"skipped":0,"pct":25},"branches":{"total":0,"covered":0,"skipped":0,"pct":100}}
,"/Users/muhammadfaiz/Custom APP/LNreader/src/utils/ttsBridge.ts": {"lines":{"total":8,"covered":7,"skipped":0,"pct":87.5},"functions":{"total":1,"covered":1,"skipped":0,"pct":100},"statements":{"total":8,"covered":7,"skipped":0,"pct":87.5},"branches":{"total":7,"covered":6,"skipped":0,"pct":85.71}}
,"/Users/muhammadfaiz/Custom APP/LNreader/src/utils/ttsNotification.ts": {"lines":{"total":18,"covered":18,"skipped":0,"pct":100},"functions":{"total":7,"covered":7,"skipped":0,"pct":100},"statements":{"total":18,"covered":18,"skipped":0,"pct":100},"branches":{"total":6,"covered":5,"skipped":0,"pct":83.33}}
,"/Users/muhammadfaiz/Custom APP/LNreader/src/utils/webviewSecurity.ts": {"lines":{"total":67,"covered":55,"skipped":0,"pct":82.08},"functions":{"total":10,"covered":7,"skipped":0,"pct":70},"statements":{"total":68,"covered":56,"skipped":0,"pct":82.35},"branches":{"total":55,"covered":45,"skipped":0,"pct":81.81}}
,"/Users/muhammadfaiz/Custom APP/LNreader/src/utils/constants/languages.ts": {"lines":{"total":5,"covered":3,"skipped":0,"pct":60},"functions":{"total":1,"covered":0,"skipped":0,"pct":0},"statements":{"total":6,"covered":3,"skipped":0,"pct":50},"branches":{"total":2,"covered":0,"skipped":0,"pct":0}}
,"/Users/muhammadfaiz/Custom APP/LNreader/src/utils/fetch/fetch.ts": {"lines":{"total":4,"covered":1,"skipped":0,"pct":25},"functions":{"total":2,"covered":0,"skipped":0,"pct":0},"statements":{"total":5,"covered":1,"skipped":0,"pct":20},"branches":{"total":1,"covered":0,"skipped":0,"pct":0}}
,"/Users/muhammadfaiz/Custom APP/LNreader/src/utils/mmkv/mmkv.ts": {"lines":{"total":6,"covered":1,"skipped":0,"pct":16.66},"functions":{"total":2,"covered":0,"skipped":0,"pct":0},"statements":{"total":6,"covered":1,"skipped":0,"pct":16.66},"branches":{"total":2,"covered":0,"skipped":0,"pct":0}}
,"/Users/muhammadfaiz/Custom APP/LNreader/strings/translations.ts": {"lines":{"total":27,"covered":24,"skipped":0,"pct":88.88},"functions":{"total":4,"covered":3,"skipped":0,"pct":75},"statements":{"total":27,"covered":24,"skipped":0,"pct":88.88},"branches":{"total":7,"covered":7,"skipped":0,"pct":100}}
}
